[debug] [2025-03-07T23:15:14.537Z] ----------------------------------------------------------------------
[debug] [2025-03-07T23:15:14.539Z] Command:       C:\Program Files\nodejs\node.exe C:\Users\emirhan.tekin\AppData\Roaming\npm\node_modules\firebase-tools\lib\bin\firebase.js init functions
[debug] [2025-03-07T23:15:14.539Z] CLI Version:   13.33.0
[debug] [2025-03-07T23:15:14.539Z] Platform:      win32
[debug] [2025-03-07T23:15:14.539Z] Node Version:  v20.17.0
[debug] [2025-03-07T23:15:14.539Z] Time:          Sat Mar 08 2025 02:15:14 GMT+0300 (GMT+03:00)
[debug] [2025-03-07T23:15:14.539Z] ----------------------------------------------------------------------
[debug] 
[debug] [2025-03-07T23:15:14.542Z] >>> [apiv2][query] GET https://firebase-public.firebaseio.com/cli.json [none]
[debug] [2025-03-07T23:15:14.582Z] > command requires scopes: ["email","openid","https://www.googleapis.com/auth/cloudplatformprojects.readonly","https://www.googleapis.com/auth/firebase","https://www.googleapis.com/auth/cloud-platform"]
[debug] [2025-03-07T23:15:14.582Z] > authorizing via signed-in user (e.tekinn67@gmail.com)
[info] 
     ######## #### ########  ######## ########     ###     ######  ########
     ##        ##  ##     ## ##       ##     ##  ##   ##  ##       ##
     ######    ##  ########  ######   ########  #########  ######  ######
     ##        ##  ##    ##  ##       ##     ## ##     ##       ## ##
     ##       #### ##     ## ######## ########  ##     ##  ######  ########

You're about to initialize a Firebase project in this directory:

  C:\Users\emirhan.tekin\AndroidStudioProjects\WhatsApp

[debug] [2025-03-07T23:15:14.939Z] <<< [apiv2][status] GET https://firebase-public.firebaseio.com/cli.json 200
[debug] [2025-03-07T23:15:14.940Z] <<< [apiv2][body] GET https://firebase-public.firebaseio.com/cli.json {"cloudBuildErrorAfter":1594252800000,"cloudBuildWarnAfter":1590019200000,"defaultNode10After":1594252800000,"minVersion":"3.0.5","node8DeploysDisabledAfter":1613390400000,"node8RuntimeDisabledAfter":1615809600000,"node8WarnAfter":1600128000000}
[info] 
=== Project Setup
[info] 
[info] First, let's associate this project directory with a Firebase project.
[info] You can create multiple project aliases by running firebase use --add, 
[info] but for now we'll just set up a default project.
[info] 
